[0m13:55:05.336411 [debug] [MainThread]: Sending event: {'category': 'dbt', 'action': 'invocation', 'label': 'start', 'context': [<snowplow_tracker.self_describing_json.SelfDescribingJson object at 0x0000024E850F0DF0>, <snowplow_tracker.self_describing_json.SelfDescribingJson object at 0x0000024E85B88FA0>, <snowplow_tracker.self_describing_json.SelfDescribingJson object at 0x0000024E85B88EE0>]}


============================== 13:55:05.359348 | 45f3276f-4dca-4c48-8aa7-b704434b824d ==============================
[0m13:55:05.359348 [info ] [MainThread]: Running with dbt=1.6.0
[0m13:55:05.360355 [debug] [MainThread]: running dbt with arguments {'printer_width': '80', 'indirect_selection': 'eager', 'log_cache_events': 'False', 'write_json': 'True', 'partial_parse': 'True', 'cache_selected_only': 'False', 'profiles_dir': 'C:\\Users\\dkariuki\\.dbt', 'fail_fast': 'False', 'warn_error': 'None', 'log_path': 'logs', 'version_check': 'True', 'debug': 'False', 'use_colors': 'True', 'use_experimental_parser': 'False', 'no_print': 'None', 'quiet': 'False', 'log_format': 'default', 'introspect': 'True', 'warn_error_options': 'WarnErrorOptions(include=[], exclude=[])', 'static_parser': 'True', 'target_path': 'None', 'invocation_command': 'dbt debug', 'send_anonymous_usage_stats': 'True'}
[0m13:55:05.361343 [info ] [MainThread]: dbt version: 1.6.0
[0m13:55:05.362400 [info ] [MainThread]: python version: 3.9.7
[0m13:55:05.362400 [info ] [MainThread]: python path: D:\DataAnalysis\DataBuildTools\env\Scripts\python.exe
[0m13:55:05.363338 [info ] [MainThread]: os info: Windows-10-10.0.22000-SP0
[0m13:55:06.901162 [info ] [MainThread]: Using profiles dir at C:\Users\dkariuki\.dbt
[0m13:55:06.901162 [info ] [MainThread]: Using profiles.yml file at C:\Users\dkariuki\.dbt\profiles.yml
[0m13:55:06.902572 [info ] [MainThread]: Using dbt_project.yml file at D:\DataAnalysis\DataBuildTools\dbt_project.yml
[0m13:55:06.903157 [info ] [MainThread]: Configuration:
[0m13:55:06.903157 [info ] [MainThread]:   profiles.yml file [[31mERROR invalid[0m]
[0m13:55:06.904156 [info ] [MainThread]:   dbt_project.yml file [[31mERROR not found[0m]
[0m13:55:06.904156 [info ] [MainThread]: Required dependencies:
[0m13:55:06.905152 [debug] [MainThread]: Executing "git --help"
[0m13:55:06.962000 [debug] [MainThread]: STDOUT: "b"usage: git [--version] [--help] [-C <path>] [-c <name>=<value>]\n           [--exec-path[=<path>]] [--html-path] [--man-path] [--info-path]\n           [-p | --paginate | -P | --no-pager] [--no-replace-objects] [--bare]\n           [--git-dir=<path>] [--work-tree=<path>] [--namespace=<name>]\n           [--super-prefix=<path>] [--config-env=<name>=<envvar>]\n           <command> [<args>]\n\nThese are common Git commands used in various situations:\n\nstart a working area (see also: git help tutorial)\n   clone     Clone a repository into a new directory\n   init      Create an empty Git repository or reinitialize an existing one\n\nwork on the current change (see also: git help everyday)\n   add       Add file contents to the index\n   mv        Move or rename a file, a directory, or a symlink\n   restore   Restore working tree files\n   rm        Remove files from the working tree and from the index\n\nexamine the history and state (see also: git help revisions)\n   bisect    Use binary search to find the commit that introduced a bug\n   diff      Show changes between commits, commit and working tree, etc\n   grep      Print lines matching a pattern\n   log       Show commit logs\n   show      Show various types of objects\n   status    Show the working tree status\n\ngrow, mark and tweak your common history\n   branch    List, create, or delete branches\n   commit    Record changes to the repository\n   merge     Join two or more development histories together\n   rebase    Reapply commits on top of another base tip\n   reset     Reset current HEAD to the specified state\n   switch    Switch branches\n   tag       Create, list, delete or verify a tag object signed with GPG\n\ncollaborate (see also: git help workflows)\n   fetch     Download objects and refs from another repository\n   pull      Fetch from and integrate with another repository or a local branch\n   push      Update remote refs along with associated objects\n\n'git help -a' and 'git help -g' list available subcommands and some\nconcept guides. See 'git help <command>' or 'git help <concept>'\nto read about a specific subcommand or concept.\nSee 'git help git' for an overview of the system.\n""
[0m13:55:06.962997 [debug] [MainThread]: STDERR: "b''"
[0m13:55:06.963995 [info ] [MainThread]:  - git [[32mOK found[0m]

[0m13:55:06.963995 [info ] [MainThread]: Connection test skipped since no profile was found
[0m13:55:06.964992 [info ] [MainThread]: [31m2 checks failed:[0m
[0m13:55:06.964992 [info ] [MainThread]: Could not load dbt_project.yml
Profile loading failed for the following reason:
Runtime Error
  Credentials in profile "default", target "dev" invalid: ['GCP project id'] is not valid under any of the given schemas


[0m13:55:06.965990 [info ] [MainThread]: Project loading failed for the following reason:
 project path <D:\DataAnalysis\DataBuildTools\dbt_project.yml> not found

[0m13:55:06.967985 [debug] [MainThread]: Command `dbt debug` failed at 13:55:06.966988 after 1.67 seconds
[0m13:55:06.967985 [debug] [MainThread]: Sending event: {'category': 'dbt', 'action': 'invocation', 'label': 'end', 'context': [<snowplow_tracker.self_describing_json.SelfDescribingJson object at 0x0000024E850F0DF0>, <snowplow_tracker.self_describing_json.SelfDescribingJson object at 0x0000024E8A02F8B0>, <snowplow_tracker.self_describing_json.SelfDescribingJson object at 0x0000024E8A02F880>]}
[0m13:55:06.968982 [debug] [MainThread]: Flushing usage events
[0m15:48:34.427164 [debug] [MainThread]: Sending event: {'category': 'dbt', 'action': 'invocation', 'label': 'start', 'context': [<snowplow_tracker.self_describing_json.SelfDescribingJson object at 0x0000020385493AF0>, <snowplow_tracker.self_describing_json.SelfDescribingJson object at 0x000002038453BD60>, <snowplow_tracker.self_describing_json.SelfDescribingJson object at 0x000002038453BB20>]}


============================== 15:48:34.431799 | c67b6d42-b953-4455-ab94-98220a39249c ==============================
[0m15:48:34.431799 [info ] [MainThread]: Running with dbt=1.6.0
[0m15:48:34.432189 [debug] [MainThread]: running dbt with arguments {'printer_width': '80', 'indirect_selection': 'eager', 'log_cache_events': 'False', 'write_json': 'True', 'partial_parse': 'True', 'cache_selected_only': 'False', 'profiles_dir': 'C:\\Users\\dkariuki\\.dbt', 'version_check': 'True', 'fail_fast': 'False', 'log_path': 'logs', 'debug': 'False', 'warn_error': 'None', 'use_colors': 'True', 'use_experimental_parser': 'False', 'no_print': 'None', 'quiet': 'False', 'log_format': 'default', 'invocation_command': 'dbt debug', 'introspect': 'True', 'warn_error_options': 'WarnErrorOptions(include=[], exclude=[])', 'target_path': 'None', 'static_parser': 'True', 'send_anonymous_usage_stats': 'True'}
[0m15:48:34.432189 [info ] [MainThread]: dbt version: 1.6.0
[0m15:48:34.433380 [info ] [MainThread]: python version: 3.9.7
[0m15:48:34.433380 [info ] [MainThread]: python path: D:\DataAnalysis\DataBuildTools\env\Scripts\python.exe
[0m15:48:34.434402 [info ] [MainThread]: os info: Windows-10-10.0.22000-SP0
[0m15:48:34.781382 [info ] [MainThread]: Using profiles dir at C:\Users\dkariuki\.dbt
[0m15:48:34.782487 [info ] [MainThread]: Using profiles.yml file at C:\Users\dkariuki\.dbt\profiles.yml
[0m15:48:34.782487 [info ] [MainThread]: Using dbt_project.yml file at D:\DataAnalysis\DataBuildTools\dbt_project.yml
[0m15:48:34.783484 [info ] [MainThread]: adapter type: bigquery
[0m15:48:34.784307 [info ] [MainThread]: adapter version: 1.6.1
[0m15:48:34.784307 [info ] [MainThread]: Configuration:
[0m15:48:34.785344 [info ] [MainThread]:   profiles.yml file [[32mOK found and valid[0m]
[0m15:48:34.785692 [info ] [MainThread]:   dbt_project.yml file [[31mERROR not found[0m]
[0m15:48:34.785692 [info ] [MainThread]: Required dependencies:
[0m15:48:34.786689 [debug] [MainThread]: Executing "git --help"
[0m15:48:34.829590 [debug] [MainThread]: STDOUT: "b"usage: git [--version] [--help] [-C <path>] [-c <name>=<value>]\n           [--exec-path[=<path>]] [--html-path] [--man-path] [--info-path]\n           [-p | --paginate | -P | --no-pager] [--no-replace-objects] [--bare]\n           [--git-dir=<path>] [--work-tree=<path>] [--namespace=<name>]\n           [--super-prefix=<path>] [--config-env=<name>=<envvar>]\n           <command> [<args>]\n\nThese are common Git commands used in various situations:\n\nstart a working area (see also: git help tutorial)\n   clone     Clone a repository into a new directory\n   init      Create an empty Git repository or reinitialize an existing one\n\nwork on the current change (see also: git help everyday)\n   add       Add file contents to the index\n   mv        Move or rename a file, a directory, or a symlink\n   restore   Restore working tree files\n   rm        Remove files from the working tree and from the index\n\nexamine the history and state (see also: git help revisions)\n   bisect    Use binary search to find the commit that introduced a bug\n   diff      Show changes between commits, commit and working tree, etc\n   grep      Print lines matching a pattern\n   log       Show commit logs\n   show      Show various types of objects\n   status    Show the working tree status\n\ngrow, mark and tweak your common history\n   branch    List, create, or delete branches\n   commit    Record changes to the repository\n   merge     Join two or more development histories together\n   rebase    Reapply commits on top of another base tip\n   reset     Reset current HEAD to the specified state\n   switch    Switch branches\n   tag       Create, list, delete or verify a tag object signed with GPG\n\ncollaborate (see also: git help workflows)\n   fetch     Download objects and refs from another repository\n   pull      Fetch from and integrate with another repository or a local branch\n   push      Update remote refs along with associated objects\n\n'git help -a' and 'git help -g' list available subcommands and some\nconcept guides. See 'git help <command>' or 'git help <concept>'\nto read about a specific subcommand or concept.\nSee 'git help git' for an overview of the system.\n""
[0m15:48:34.829590 [debug] [MainThread]: STDERR: "b''"
[0m15:48:34.830587 [info ] [MainThread]:  - git [[32mOK found[0m]

[0m15:48:34.830587 [info ] [MainThread]: Connection:
[0m15:48:34.831583 [info ] [MainThread]:   method: service-account
[0m15:48:34.832086 [info ] [MainThread]:   database: data-build-tools
[0m15:48:34.832086 [info ] [MainThread]:   execution_project: data-build-tools
[0m15:48:34.833084 [info ] [MainThread]:   schema: BuildTools
[0m15:48:34.833557 [info ] [MainThread]:   location: US
[0m15:48:34.833557 [info ] [MainThread]:   priority: interactive
[0m15:48:34.834555 [info ] [MainThread]:   maximum_bytes_billed: None
[0m15:48:34.834997 [info ] [MainThread]:   impersonate_service_account: None
[0m15:48:34.834997 [info ] [MainThread]:   job_retry_deadline_seconds: None
[0m15:48:34.835995 [info ] [MainThread]:   job_retries: 1
[0m15:48:34.835995 [info ] [MainThread]:   job_creation_timeout_seconds: None
[0m15:48:34.836837 [info ] [MainThread]:   job_execution_timeout_seconds: 300
[0m15:48:34.836837 [info ] [MainThread]:   keyfile: D:\DataAnalysis\data-build-tools-6ccc79cbfce9.json
[0m15:48:34.837836 [info ] [MainThread]:   keyfile_json: None
[0m15:48:34.837836 [info ] [MainThread]:   timeout_seconds: 300
[0m15:48:34.838832 [info ] [MainThread]:   token: None
[0m15:48:34.838832 [info ] [MainThread]:   refresh_token: None
[0m15:48:34.839864 [info ] [MainThread]:   client_id: None
[0m15:48:34.840053 [info ] [MainThread]:   client_secret: None
[0m15:48:34.841049 [info ] [MainThread]:   token_uri: None
[0m15:48:34.841049 [info ] [MainThread]:   dataproc_region: None
[0m15:48:34.842051 [info ] [MainThread]:   dataproc_cluster_name: None
[0m15:48:34.842621 [info ] [MainThread]:   gcs_bucket: None
[0m15:48:34.842621 [info ] [MainThread]:   dataproc_batch: None
[0m15:48:34.843666 [info ] [MainThread]: Registered adapter: bigquery=1.6.1
[0m15:48:34.844658 [debug] [MainThread]: Acquiring new bigquery connection 'debug'
[0m15:48:34.844658 [debug] [MainThread]: Opening a new connection, currently in state init
[0m15:48:34.846889 [debug] [MainThread]: On debug: select 1 as id
[0m15:48:36.851143 [error] [MainThread]: BigQuery adapter: https://console.cloud.google.com/bigquery?project=data-build-tools&j=bq:US:fcc04233-d3c7-4462-a19f-bbfc7ad158ee&page=queryresults
[0m15:48:36.851859 [info ] [MainThread]:   Connection test: [[31mERROR[0m]

[0m15:48:36.852858 [info ] [MainThread]: [31m1 check failed:[0m
[0m15:48:36.852858 [info ] [MainThread]: Project loading failed for the following reason:
 project path <D:\DataAnalysis\DataBuildTools\dbt_project.yml> not found

[0m15:48:36.854221 [debug] [MainThread]: Command `dbt debug` failed at 15:48:36.854221 after 2.46 seconds
[0m15:48:36.855218 [debug] [MainThread]: Connection 'debug' was properly closed.
[0m15:48:36.855218 [debug] [MainThread]: Sending event: {'category': 'dbt', 'action': 'invocation', 'label': 'end', 'context': [<snowplow_tracker.self_describing_json.SelfDescribingJson object at 0x0000020385493AF0>, <snowplow_tracker.self_describing_json.SelfDescribingJson object at 0x000002038898AAF0>, <snowplow_tracker.self_describing_json.SelfDescribingJson object at 0x000002038898AA30>]}
[0m15:48:36.855218 [debug] [MainThread]: Flushing usage events
